<?xml version="1.0" encoding="UTF-8"?>
<testsuite xmlns:xsi="http://www.w3.org/2001/XMLSchema-instance" xsi:noNamespaceSchemaLocation="https://maven.apache.org/surefire/maven-surefire-plugin/xsd/surefire-test-report-3.0.xsd" version="3.0" name="TestSuite" time="1.05" tests="0" errors="0" skipped="0" failures="0">
  <properties>
    <property name="java.specification.version" value="21"/>
    <property name="sun.cpu.isalist" value="amd64"/>
    <property name="sun.jnu.encoding" value="Cp1252"/>
    <property name="java.class.path" value="D:\Doc_HP_RRL\RRL\Sence\Iseg Spa\Análisis Predictivo\automatizacion-pruebas\target\test-classes;D:\Doc_HP_RRL\RRL\Sence\Iseg Spa\Análisis Predictivo\automatizacion-pruebas\target\classes;D:\Program Files\Apache Software Foundation\Dmaven_repo\org\seleniumhq\selenium\selenium-java\4.23.0\selenium-java-4.23.0.jar;D:\Program Files\Apache Software Foundation\Dmaven_repo\org\seleniumhq\selenium\selenium-api\4.23.0\selenium-api-4.23.0.jar;D:\Program Files\Apache Software Foundation\Dmaven_repo\org\seleniumhq\selenium\selenium-chrome-driver\4.23.0\selenium-chrome-driver-4.23.0.jar;D:\Program Files\Apache Software Foundation\Dmaven_repo\com\google\auto\service\auto-service-annotations\1.1.1\auto-service-annotations-1.1.1.jar;D:\Program Files\Apache Software Foundation\Dmaven_repo\org\seleniumhq\selenium\selenium-chromium-driver\4.23.0\selenium-chromium-driver-4.23.0.jar;D:\Program Files\Apache Software Foundation\Dmaven_repo\org\seleniumhq\selenium\selenium-json\4.23.0\selenium-json-4.23.0.jar;D:\Program Files\Apache Software Foundation\Dmaven_repo\org\seleniumhq\selenium\selenium-manager\4.23.0\selenium-manager-4.23.0.jar;D:\Program Files\Apache Software Foundation\Dmaven_repo\org\seleniumhq\selenium\selenium-devtools-v125\4.23.0\selenium-devtools-v125-4.23.0.jar;D:\Program Files\Apache Software Foundation\Dmaven_repo\org\seleniumhq\selenium\selenium-devtools-v126\4.23.0\selenium-devtools-v126-4.23.0.jar;D:\Program Files\Apache Software Foundation\Dmaven_repo\org\seleniumhq\selenium\selenium-devtools-v127\4.23.0\selenium-devtools-v127-4.23.0.jar;D:\Program Files\Apache Software Foundation\Dmaven_repo\org\seleniumhq\selenium\selenium-devtools-v85\4.23.0\selenium-devtools-v85-4.23.0.jar;D:\Program Files\Apache Software Foundation\Dmaven_repo\org\seleniumhq\selenium\selenium-edge-driver\4.23.0\selenium-edge-driver-4.23.0.jar;D:\Program Files\Apache Software Foundation\Dmaven_repo\org\seleniumhq\selenium\selenium-firefox-driver\4.23.0\selenium-firefox-driver-4.23.0.jar;D:\Program Files\Apache Software Foundation\Dmaven_repo\org\seleniumhq\selenium\selenium-http\4.23.0\selenium-http-4.23.0.jar;D:\Program Files\Apache Software Foundation\Dmaven_repo\dev\failsafe\failsafe\3.3.2\failsafe-3.3.2.jar;D:\Program Files\Apache Software Foundation\Dmaven_repo\org\seleniumhq\selenium\selenium-ie-driver\4.23.0\selenium-ie-driver-4.23.0.jar;D:\Program Files\Apache Software Foundation\Dmaven_repo\org\seleniumhq\selenium\selenium-remote-driver\4.23.0\selenium-remote-driver-4.23.0.jar;D:\Program Files\Apache Software Foundation\Dmaven_repo\com\google\guava\guava\33.2.1-jre\guava-33.2.1-jre.jar;D:\Program Files\Apache Software Foundation\Dmaven_repo\com\google\guava\failureaccess\1.0.2\failureaccess-1.0.2.jar;D:\Program Files\Apache Software Foundation\Dmaven_repo\com\google\guava\listenablefuture\9999.0-empty-to-avoid-conflict-with-guava\listenablefuture-9999.0-empty-to-avoid-conflict-with-guava.jar;D:\Program Files\Apache Software Foundation\Dmaven_repo\com\google\code\findbugs\jsr305\3.0.2\jsr305-3.0.2.jar;D:\Program Files\Apache Software Foundation\Dmaven_repo\org\checkerframework\checker-qual\3.42.0\checker-qual-3.42.0.jar;D:\Program Files\Apache Software Foundation\Dmaven_repo\com\google\errorprone\error_prone_annotations\2.26.1\error_prone_annotations-2.26.1.jar;D:\Program Files\Apache Software Foundation\Dmaven_repo\com\google\j2objc\j2objc-annotations\3.0.0\j2objc-annotations-3.0.0.jar;D:\Program Files\Apache Software Foundation\Dmaven_repo\io\opentelemetry\semconv\opentelemetry-semconv\1.25.0-alpha\opentelemetry-semconv-1.25.0-alpha.jar;D:\Program Files\Apache Software Foundation\Dmaven_repo\io\opentelemetry\opentelemetry-api\1.40.0\opentelemetry-api-1.40.0.jar;D:\Program Files\Apache Software Foundation\Dmaven_repo\io\opentelemetry\opentelemetry-context\1.40.0\opentelemetry-context-1.40.0.jar;D:\Program Files\Apache Software Foundation\Dmaven_repo\io\opentelemetry\opentelemetry-exporter-logging\1.40.0\opentelemetry-exporter-logging-1.40.0.jar;D:\Program Files\Apache Software Foundation\Dmaven_repo\io\opentelemetry\opentelemetry-sdk-common\1.40.0\opentelemetry-sdk-common-1.40.0.jar;D:\Program Files\Apache Software Foundation\Dmaven_repo\io\opentelemetry\opentelemetry-sdk-extension-autoconfigure-spi\1.40.0\opentelemetry-sdk-extension-autoconfigure-spi-1.40.0.jar;D:\Program Files\Apache Software Foundation\Dmaven_repo\io\opentelemetry\opentelemetry-sdk-extension-autoconfigure\1.40.0\opentelemetry-sdk-extension-autoconfigure-1.40.0.jar;D:\Program Files\Apache Software Foundation\Dmaven_repo\io\opentelemetry\opentelemetry-api-incubator\1.40.0-alpha\opentelemetry-api-incubator-1.40.0-alpha.jar;D:\Program Files\Apache Software Foundation\Dmaven_repo\io\opentelemetry\opentelemetry-sdk-trace\1.40.0\opentelemetry-sdk-trace-1.40.0.jar;D:\Program Files\Apache Software Foundation\Dmaven_repo\io\opentelemetry\opentelemetry-sdk\1.40.0\opentelemetry-sdk-1.40.0.jar;D:\Program Files\Apache Software Foundation\Dmaven_repo\io\opentelemetry\opentelemetry-sdk-metrics\1.40.0\opentelemetry-sdk-metrics-1.40.0.jar;D:\Program Files\Apache Software Foundation\Dmaven_repo\io\opentelemetry\opentelemetry-sdk-logs\1.40.0\opentelemetry-sdk-logs-1.40.0.jar;D:\Program Files\Apache Software Foundation\Dmaven_repo\net\bytebuddy\byte-buddy\1.14.18\byte-buddy-1.14.18.jar;D:\Program Files\Apache Software Foundation\Dmaven_repo\org\seleniumhq\selenium\selenium-os\4.23.0\selenium-os-4.23.0.jar;D:\Program Files\Apache Software Foundation\Dmaven_repo\org\apache\commons\commons-exec\1.4.0\commons-exec-1.4.0.jar;D:\Program Files\Apache Software Foundation\Dmaven_repo\org\seleniumhq\selenium\selenium-safari-driver\4.23.0\selenium-safari-driver-4.23.0.jar;D:\Program Files\Apache Software Foundation\Dmaven_repo\org\seleniumhq\selenium\selenium-support\4.23.0\selenium-support-4.23.0.jar;D:\Program Files\Apache Software Foundation\Dmaven_repo\org\testng\testng\7.8.0\testng-7.8.0.jar;D:\Program Files\Apache Software Foundation\Dmaven_repo\com\beust\jcommander\1.82\jcommander-1.82.jar;D:\Program Files\Apache Software Foundation\Dmaven_repo\org\webjars\jquery\3.6.1\jquery-3.6.1.jar;D:\Program Files\Apache Software Foundation\Dmaven_repo\io\github\bonigarcia\webdrivermanager\5.5.3\webdrivermanager-5.5.3.jar;D:\Program Files\Apache Software Foundation\Dmaven_repo\com\google\code\gson\gson\2.10.1\gson-2.10.1.jar;D:\Program Files\Apache Software Foundation\Dmaven_repo\com\github\docker-java\docker-java\3.3.3\docker-java-3.3.3.jar;D:\Program Files\Apache Software Foundation\Dmaven_repo\com\github\docker-java\docker-java-core\3.3.3\docker-java-core-3.3.3.jar;D:\Program Files\Apache Software Foundation\Dmaven_repo\com\github\docker-java\docker-java-api\3.3.3\docker-java-api-3.3.3.jar;D:\Program Files\Apache Software Foundation\Dmaven_repo\org\bouncycastle\bcpkix-jdk18on\1.75\bcpkix-jdk18on-1.75.jar;D:\Program Files\Apache Software Foundation\Dmaven_repo\org\bouncycastle\bcprov-jdk18on\1.75\bcprov-jdk18on-1.75.jar;D:\Program Files\Apache Software Foundation\Dmaven_repo\org\bouncycastle\bcutil-jdk18on\1.75\bcutil-jdk18on-1.75.jar;D:\Program Files\Apache Software Foundation\Dmaven_repo\org\slf4j\jcl-over-slf4j\1.7.30\jcl-over-slf4j-1.7.30.jar;D:\Program Files\Apache Software Foundation\Dmaven_repo\com\github\docker-java\docker-java-transport-httpclient5\3.3.3\docker-java-transport-httpclient5-3.3.3.jar;D:\Program Files\Apache Software Foundation\Dmaven_repo\com\github\docker-java\docker-java-transport\3.3.3\docker-java-transport-3.3.3.jar;D:\Program Files\Apache Software Foundation\Dmaven_repo\net\java\dev\jna\jna\5.12.1\jna-5.12.1.jar;D:\Program Files\Apache Software Foundation\Dmaven_repo\org\brotli\dec\0.1.2\dec-0.1.2.jar;D:\Program Files\Apache Software Foundation\Dmaven_repo\org\apache\commons\commons-lang3\3.13.0\commons-lang3-3.13.0.jar;D:\Program Files\Apache Software Foundation\Dmaven_repo\org\apache\httpcomponents\client5\httpclient5\5.2.1\httpclient5-5.2.1.jar;D:\Program Files\Apache Software Foundation\Dmaven_repo\org\apache\httpcomponents\core5\httpcore5\5.2\httpcore5-5.2.jar;D:\Program Files\Apache Software Foundation\Dmaven_repo\org\apache\httpcomponents\core5\httpcore5-h2\5.2\httpcore5-h2-5.2.jar;D:\Program Files\Apache Software Foundation\Dmaven_repo\io\qameta\allure\allure-testng\2.24.0\allure-testng-2.24.0.jar;D:\Program Files\Apache Software Foundation\Dmaven_repo\io\qameta\allure\allure-java-commons\2.24.0\allure-java-commons-2.24.0.jar;D:\Program Files\Apache Software Foundation\Dmaven_repo\io\qameta\allure\allure-model\2.24.0\allure-model-2.24.0.jar;D:\Program Files\Apache Software Foundation\Dmaven_repo\io\qameta\allure\allure-test-filter\2.24.0\allure-test-filter-2.24.0.jar;D:\Program Files\Apache Software Foundation\Dmaven_repo\com\aventstack\extentreports\5.1.1\extentreports-5.1.1.jar;D:\Program Files\Apache Software Foundation\Dmaven_repo\io\reactivex\rxjava3\rxjava\3.1.6\rxjava-3.1.6.jar;D:\Program Files\Apache Software Foundation\Dmaven_repo\org\reactivestreams\reactive-streams\1.0.4\reactive-streams-1.0.4.jar;D:\Program Files\Apache Software Foundation\Dmaven_repo\org\freemarker\freemarker\2.3.32\freemarker-2.3.32.jar;D:\Program Files\Apache Software Foundation\Dmaven_repo\org\projectlombok\lombok\1.18.26\lombok-1.18.26.jar;D:\Program Files\Apache Software Foundation\Dmaven_repo\org\apache\poi\poi\5.2.4\poi-5.2.4.jar;D:\Program Files\Apache Software Foundation\Dmaven_repo\commons-codec\commons-codec\1.16.0\commons-codec-1.16.0.jar;D:\Program Files\Apache Software Foundation\Dmaven_repo\org\apache\commons\commons-collections4\4.4\commons-collections4-4.4.jar;D:\Program Files\Apache Software Foundation\Dmaven_repo\org\apache\commons\commons-math3\3.6.1\commons-math3-3.6.1.jar;D:\Program Files\Apache Software Foundation\Dmaven_repo\commons-io\commons-io\2.13.0\commons-io-2.13.0.jar;D:\Program Files\Apache Software Foundation\Dmaven_repo\com\zaxxer\SparseBitSet\1.3\SparseBitSet-1.3.jar;D:\Program Files\Apache Software Foundation\Dmaven_repo\org\apache\logging\log4j\log4j-api\2.20.0\log4j-api-2.20.0.jar;D:\Program Files\Apache Software Foundation\Dmaven_repo\org\apache\poi\poi-ooxml\5.2.4\poi-ooxml-5.2.4.jar;D:\Program Files\Apache Software Foundation\Dmaven_repo\org\apache\poi\poi-ooxml-lite\5.2.4\poi-ooxml-lite-5.2.4.jar;D:\Program Files\Apache Software Foundation\Dmaven_repo\org\apache\xmlbeans\xmlbeans\5.1.1\xmlbeans-5.1.1.jar;D:\Program Files\Apache Software Foundation\Dmaven_repo\org\apache\commons\commons-compress\1.24.0\commons-compress-1.24.0.jar;D:\Program Files\Apache Software Foundation\Dmaven_repo\com\github\virtuald\curvesapi\1.08\curvesapi-1.08.jar;D:\Program Files\Apache Software Foundation\Dmaven_repo\com\fasterxml\jackson\core\jackson-databind\2.15.2\jackson-databind-2.15.2.jar;D:\Program Files\Apache Software Foundation\Dmaven_repo\com\fasterxml\jackson\core\jackson-annotations\2.15.2\jackson-annotations-2.15.2.jar;D:\Program Files\Apache Software Foundation\Dmaven_repo\com\fasterxml\jackson\core\jackson-core\2.15.2\jackson-core-2.15.2.jar;D:\Program Files\Apache Software Foundation\Dmaven_repo\com\fasterxml\jackson\datatype\jackson-datatype-jsr310\2.15.2\jackson-datatype-jsr310-2.15.2.jar;D:\Program Files\Apache Software Foundation\Dmaven_repo\org\slf4j\slf4j-api\2.0.7\slf4j-api-2.0.7.jar;D:\Program Files\Apache Software Foundation\Dmaven_repo\org\slf4j\slf4j-simple\2.0.7\slf4j-simple-2.0.7.jar;D:\Program Files\Apache Software Foundation\Dmaven_repo\org\springframework\boot\spring-boot-starter\3.3.2\spring-boot-starter-3.3.2.jar;D:\Program Files\Apache Software Foundation\Dmaven_repo\org\springframework\boot\spring-boot\3.3.2\spring-boot-3.3.2.jar;D:\Program Files\Apache Software Foundation\Dmaven_repo\org\springframework\spring-context\6.1.11\spring-context-6.1.11.jar;D:\Program Files\Apache Software Foundation\Dmaven_repo\org\springframework\spring-aop\6.1.11\spring-aop-6.1.11.jar;D:\Program Files\Apache Software Foundation\Dmaven_repo\org\springframework\spring-beans\6.1.11\spring-beans-6.1.11.jar;D:\Program Files\Apache Software Foundation\Dmaven_repo\org\springframework\spring-expression\6.1.11\spring-expression-6.1.11.jar;D:\Program Files\Apache Software Foundation\Dmaven_repo\io\micrometer\micrometer-observation\1.12.8\micrometer-observation-1.12.8.jar;D:\Program Files\Apache Software Foundation\Dmaven_repo\io\micrometer\micrometer-commons\1.12.8\micrometer-commons-1.12.8.jar;D:\Program Files\Apache Software Foundation\Dmaven_repo\org\springframework\boot\spring-boot-autoconfigure\3.3.2\spring-boot-autoconfigure-3.3.2.jar;D:\Program Files\Apache Software Foundation\Dmaven_repo\org\springframework\boot\spring-boot-starter-logging\3.3.2\spring-boot-starter-logging-3.3.2.jar;D:\Program Files\Apache Software Foundation\Dmaven_repo\ch\qos\logback\logback-classic\1.5.6\logback-classic-1.5.6.jar;D:\Program Files\Apache Software Foundation\Dmaven_repo\ch\qos\logback\logback-core\1.5.6\logback-core-1.5.6.jar;D:\Program Files\Apache Software Foundation\Dmaven_repo\org\apache\logging\log4j\log4j-to-slf4j\2.23.1\log4j-to-slf4j-2.23.1.jar;D:\Program Files\Apache Software Foundation\Dmaven_repo\org\slf4j\jul-to-slf4j\2.0.13\jul-to-slf4j-2.0.13.jar;D:\Program Files\Apache Software Foundation\Dmaven_repo\jakarta\annotation\jakarta.annotation-api\2.1.1\jakarta.annotation-api-2.1.1.jar;D:\Program Files\Apache Software Foundation\Dmaven_repo\org\springframework\spring-core\6.1.11\spring-core-6.1.11.jar;D:\Program Files\Apache Software Foundation\Dmaven_repo\org\springframework\spring-jcl\6.1.11\spring-jcl-6.1.11.jar;D:\Program Files\Apache Software Foundation\Dmaven_repo\org\yaml\snakeyaml\2.2\snakeyaml-2.2.jar;D:\Program Files\Apache Software Foundation\Dmaven_repo\com\mysql\mysql-connector-j\8.4.0\mysql-connector-j-8.4.0.jar;D:\Program Files\Apache Software Foundation\Dmaven_repo\com\google\protobuf\protobuf-java\3.25.1\protobuf-java-3.25.1.jar;"/>
    <property name="java.vm.vendor" value="Oracle Corporation"/>
    <property name="sun.arch.data.model" value="64"/>
    <property name="user.variant" value=""/>
    <property name="java.vendor.url" value="https://java.oracle.com/"/>
    <property name="user.timezone" value="America/Santiago"/>
    <property name="os.name" value="Windows 11"/>
    <property name="java.vm.specification.version" value="21"/>
    <property name="sun.java.launcher" value="SUN_STANDARD"/>
    <property name="user.country" value="CL"/>
    <property name="sun.boot.library.path" value="C:\Program Files\Java\jdk-21\bin"/>
    <property name="sun.java.command" value="C:\Users\uman_\AppData\Local\Temp\surefire9202773328957532246\surefirebooter-20250728160829782_3.jar C:\Users\uman_\AppData\Local\Temp\surefire9202773328957532246 2025-07-28T16-08-29_553-jvmRun1 surefire-20250728160829782_1tmp surefire_0-20250728160829782_2tmp"/>
    <property name="jdk.debug" value="release"/>
    <property name="surefire.test.class.path" value="D:\Doc_HP_RRL\RRL\Sence\Iseg Spa\Análisis Predictivo\automatizacion-pruebas\target\test-classes;D:\Doc_HP_RRL\RRL\Sence\Iseg Spa\Análisis Predictivo\automatizacion-pruebas\target\classes;D:\Program Files\Apache Software Foundation\Dmaven_repo\org\seleniumhq\selenium\selenium-java\4.23.0\selenium-java-4.23.0.jar;D:\Program Files\Apache Software Foundation\Dmaven_repo\org\seleniumhq\selenium\selenium-api\4.23.0\selenium-api-4.23.0.jar;D:\Program Files\Apache Software Foundation\Dmaven_repo\org\seleniumhq\selenium\selenium-chrome-driver\4.23.0\selenium-chrome-driver-4.23.0.jar;D:\Program Files\Apache Software Foundation\Dmaven_repo\com\google\auto\service\auto-service-annotations\1.1.1\auto-service-annotations-1.1.1.jar;D:\Program Files\Apache Software Foundation\Dmaven_repo\org\seleniumhq\selenium\selenium-chromium-driver\4.23.0\selenium-chromium-driver-4.23.0.jar;D:\Program Files\Apache Software Foundation\Dmaven_repo\org\seleniumhq\selenium\selenium-json\4.23.0\selenium-json-4.23.0.jar;D:\Program Files\Apache Software Foundation\Dmaven_repo\org\seleniumhq\selenium\selenium-manager\4.23.0\selenium-manager-4.23.0.jar;D:\Program Files\Apache Software Foundation\Dmaven_repo\org\seleniumhq\selenium\selenium-devtools-v125\4.23.0\selenium-devtools-v125-4.23.0.jar;D:\Program Files\Apache Software Foundation\Dmaven_repo\org\seleniumhq\selenium\selenium-devtools-v126\4.23.0\selenium-devtools-v126-4.23.0.jar;D:\Program Files\Apache Software Foundation\Dmaven_repo\org\seleniumhq\selenium\selenium-devtools-v127\4.23.0\selenium-devtools-v127-4.23.0.jar;D:\Program Files\Apache Software Foundation\Dmaven_repo\org\seleniumhq\selenium\selenium-devtools-v85\4.23.0\selenium-devtools-v85-4.23.0.jar;D:\Program Files\Apache Software Foundation\Dmaven_repo\org\seleniumhq\selenium\selenium-edge-driver\4.23.0\selenium-edge-driver-4.23.0.jar;D:\Program Files\Apache Software Foundation\Dmaven_repo\org\seleniumhq\selenium\selenium-firefox-driver\4.23.0\selenium-firefox-driver-4.23.0.jar;D:\Program Files\Apache Software Foundation\Dmaven_repo\org\seleniumhq\selenium\selenium-http\4.23.0\selenium-http-4.23.0.jar;D:\Program Files\Apache Software Foundation\Dmaven_repo\dev\failsafe\failsafe\3.3.2\failsafe-3.3.2.jar;D:\Program Files\Apache Software Foundation\Dmaven_repo\org\seleniumhq\selenium\selenium-ie-driver\4.23.0\selenium-ie-driver-4.23.0.jar;D:\Program Files\Apache Software Foundation\Dmaven_repo\org\seleniumhq\selenium\selenium-remote-driver\4.23.0\selenium-remote-driver-4.23.0.jar;D:\Program Files\Apache Software Foundation\Dmaven_repo\com\google\guava\guava\33.2.1-jre\guava-33.2.1-jre.jar;D:\Program Files\Apache Software Foundation\Dmaven_repo\com\google\guava\failureaccess\1.0.2\failureaccess-1.0.2.jar;D:\Program Files\Apache Software Foundation\Dmaven_repo\com\google\guava\listenablefuture\9999.0-empty-to-avoid-conflict-with-guava\listenablefuture-9999.0-empty-to-avoid-conflict-with-guava.jar;D:\Program Files\Apache Software Foundation\Dmaven_repo\com\google\code\findbugs\jsr305\3.0.2\jsr305-3.0.2.jar;D:\Program Files\Apache Software Foundation\Dmaven_repo\org\checkerframework\checker-qual\3.42.0\checker-qual-3.42.0.jar;D:\Program Files\Apache Software Foundation\Dmaven_repo\com\google\errorprone\error_prone_annotations\2.26.1\error_prone_annotations-2.26.1.jar;D:\Program Files\Apache Software Foundation\Dmaven_repo\com\google\j2objc\j2objc-annotations\3.0.0\j2objc-annotations-3.0.0.jar;D:\Program Files\Apache Software Foundation\Dmaven_repo\io\opentelemetry\semconv\opentelemetry-semconv\1.25.0-alpha\opentelemetry-semconv-1.25.0-alpha.jar;D:\Program Files\Apache Software Foundation\Dmaven_repo\io\opentelemetry\opentelemetry-api\1.40.0\opentelemetry-api-1.40.0.jar;D:\Program Files\Apache Software Foundation\Dmaven_repo\io\opentelemetry\opentelemetry-context\1.40.0\opentelemetry-context-1.40.0.jar;D:\Program Files\Apache Software Foundation\Dmaven_repo\io\opentelemetry\opentelemetry-exporter-logging\1.40.0\opentelemetry-exporter-logging-1.40.0.jar;D:\Program Files\Apache Software Foundation\Dmaven_repo\io\opentelemetry\opentelemetry-sdk-common\1.40.0\opentelemetry-sdk-common-1.40.0.jar;D:\Program Files\Apache Software Foundation\Dmaven_repo\io\opentelemetry\opentelemetry-sdk-extension-autoconfigure-spi\1.40.0\opentelemetry-sdk-extension-autoconfigure-spi-1.40.0.jar;D:\Program Files\Apache Software Foundation\Dmaven_repo\io\opentelemetry\opentelemetry-sdk-extension-autoconfigure\1.40.0\opentelemetry-sdk-extension-autoconfigure-1.40.0.jar;D:\Program Files\Apache Software Foundation\Dmaven_repo\io\opentelemetry\opentelemetry-api-incubator\1.40.0-alpha\opentelemetry-api-incubator-1.40.0-alpha.jar;D:\Program Files\Apache Software Foundation\Dmaven_repo\io\opentelemetry\opentelemetry-sdk-trace\1.40.0\opentelemetry-sdk-trace-1.40.0.jar;D:\Program Files\Apache Software Foundation\Dmaven_repo\io\opentelemetry\opentelemetry-sdk\1.40.0\opentelemetry-sdk-1.40.0.jar;D:\Program Files\Apache Software Foundation\Dmaven_repo\io\opentelemetry\opentelemetry-sdk-metrics\1.40.0\opentelemetry-sdk-metrics-1.40.0.jar;D:\Program Files\Apache Software Foundation\Dmaven_repo\io\opentelemetry\opentelemetry-sdk-logs\1.40.0\opentelemetry-sdk-logs-1.40.0.jar;D:\Program Files\Apache Software Foundation\Dmaven_repo\net\bytebuddy\byte-buddy\1.14.18\byte-buddy-1.14.18.jar;D:\Program Files\Apache Software Foundation\Dmaven_repo\org\seleniumhq\selenium\selenium-os\4.23.0\selenium-os-4.23.0.jar;D:\Program Files\Apache Software Foundation\Dmaven_repo\org\apache\commons\commons-exec\1.4.0\commons-exec-1.4.0.jar;D:\Program Files\Apache Software Foundation\Dmaven_repo\org\seleniumhq\selenium\selenium-safari-driver\4.23.0\selenium-safari-driver-4.23.0.jar;D:\Program Files\Apache Software Foundation\Dmaven_repo\org\seleniumhq\selenium\selenium-support\4.23.0\selenium-support-4.23.0.jar;D:\Program Files\Apache Software Foundation\Dmaven_repo\org\testng\testng\7.8.0\testng-7.8.0.jar;D:\Program Files\Apache Software Foundation\Dmaven_repo\com\beust\jcommander\1.82\jcommander-1.82.jar;D:\Program Files\Apache Software Foundation\Dmaven_repo\org\webjars\jquery\3.6.1\jquery-3.6.1.jar;D:\Program Files\Apache Software Foundation\Dmaven_repo\io\github\bonigarcia\webdrivermanager\5.5.3\webdrivermanager-5.5.3.jar;D:\Program Files\Apache Software Foundation\Dmaven_repo\com\google\code\gson\gson\2.10.1\gson-2.10.1.jar;D:\Program Files\Apache Software Foundation\Dmaven_repo\com\github\docker-java\docker-java\3.3.3\docker-java-3.3.3.jar;D:\Program Files\Apache Software Foundation\Dmaven_repo\com\github\docker-java\docker-java-core\3.3.3\docker-java-core-3.3.3.jar;D:\Program Files\Apache Software Foundation\Dmaven_repo\com\github\docker-java\docker-java-api\3.3.3\docker-java-api-3.3.3.jar;D:\Program Files\Apache Software Foundation\Dmaven_repo\org\bouncycastle\bcpkix-jdk18on\1.75\bcpkix-jdk18on-1.75.jar;D:\Program Files\Apache Software Foundation\Dmaven_repo\org\bouncycastle\bcprov-jdk18on\1.75\bcprov-jdk18on-1.75.jar;D:\Program Files\Apache Software Foundation\Dmaven_repo\org\bouncycastle\bcutil-jdk18on\1.75\bcutil-jdk18on-1.75.jar;D:\Program Files\Apache Software Foundation\Dmaven_repo\org\slf4j\jcl-over-slf4j\1.7.30\jcl-over-slf4j-1.7.30.jar;D:\Program Files\Apache Software Foundation\Dmaven_repo\com\github\docker-java\docker-java-transport-httpclient5\3.3.3\docker-java-transport-httpclient5-3.3.3.jar;D:\Program Files\Apache Software Foundation\Dmaven_repo\com\github\docker-java\docker-java-transport\3.3.3\docker-java-transport-3.3.3.jar;D:\Program Files\Apache Software Foundation\Dmaven_repo\net\java\dev\jna\jna\5.12.1\jna-5.12.1.jar;D:\Program Files\Apache Software Foundation\Dmaven_repo\org\brotli\dec\0.1.2\dec-0.1.2.jar;D:\Program Files\Apache Software Foundation\Dmaven_repo\org\apache\commons\commons-lang3\3.13.0\commons-lang3-3.13.0.jar;D:\Program Files\Apache Software Foundation\Dmaven_repo\org\apache\httpcomponents\client5\httpclient5\5.2.1\httpclient5-5.2.1.jar;D:\Program Files\Apache Software Foundation\Dmaven_repo\org\apache\httpcomponents\core5\httpcore5\5.2\httpcore5-5.2.jar;D:\Program Files\Apache Software Foundation\Dmaven_repo\org\apache\httpcomponents\core5\httpcore5-h2\5.2\httpcore5-h2-5.2.jar;D:\Program Files\Apache Software Foundation\Dmaven_repo\io\qameta\allure\allure-testng\2.24.0\allure-testng-2.24.0.jar;D:\Program Files\Apache Software Foundation\Dmaven_repo\io\qameta\allure\allure-java-commons\2.24.0\allure-java-commons-2.24.0.jar;D:\Program Files\Apache Software Foundation\Dmaven_repo\io\qameta\allure\allure-model\2.24.0\allure-model-2.24.0.jar;D:\Program Files\Apache Software Foundation\Dmaven_repo\io\qameta\allure\allure-test-filter\2.24.0\allure-test-filter-2.24.0.jar;D:\Program Files\Apache Software Foundation\Dmaven_repo\com\aventstack\extentreports\5.1.1\extentreports-5.1.1.jar;D:\Program Files\Apache Software Foundation\Dmaven_repo\io\reactivex\rxjava3\rxjava\3.1.6\rxjava-3.1.6.jar;D:\Program Files\Apache Software Foundation\Dmaven_repo\org\reactivestreams\reactive-streams\1.0.4\reactive-streams-1.0.4.jar;D:\Program Files\Apache Software Foundation\Dmaven_repo\org\freemarker\freemarker\2.3.32\freemarker-2.3.32.jar;D:\Program Files\Apache Software Foundation\Dmaven_repo\org\projectlombok\lombok\1.18.26\lombok-1.18.26.jar;D:\Program Files\Apache Software Foundation\Dmaven_repo\org\apache\poi\poi\5.2.4\poi-5.2.4.jar;D:\Program Files\Apache Software Foundation\Dmaven_repo\commons-codec\commons-codec\1.16.0\commons-codec-1.16.0.jar;D:\Program Files\Apache Software Foundation\Dmaven_repo\org\apache\commons\commons-collections4\4.4\commons-collections4-4.4.jar;D:\Program Files\Apache Software Foundation\Dmaven_repo\org\apache\commons\commons-math3\3.6.1\commons-math3-3.6.1.jar;D:\Program Files\Apache Software Foundation\Dmaven_repo\commons-io\commons-io\2.13.0\commons-io-2.13.0.jar;D:\Program Files\Apache Software Foundation\Dmaven_repo\com\zaxxer\SparseBitSet\1.3\SparseBitSet-1.3.jar;D:\Program Files\Apache Software Foundation\Dmaven_repo\org\apache\logging\log4j\log4j-api\2.20.0\log4j-api-2.20.0.jar;D:\Program Files\Apache Software Foundation\Dmaven_repo\org\apache\poi\poi-ooxml\5.2.4\poi-ooxml-5.2.4.jar;D:\Program Files\Apache Software Foundation\Dmaven_repo\org\apache\poi\poi-ooxml-lite\5.2.4\poi-ooxml-lite-5.2.4.jar;D:\Program Files\Apache Software Foundation\Dmaven_repo\org\apache\xmlbeans\xmlbeans\5.1.1\xmlbeans-5.1.1.jar;D:\Program Files\Apache Software Foundation\Dmaven_repo\org\apache\commons\commons-compress\1.24.0\commons-compress-1.24.0.jar;D:\Program Files\Apache Software Foundation\Dmaven_repo\com\github\virtuald\curvesapi\1.08\curvesapi-1.08.jar;D:\Program Files\Apache Software Foundation\Dmaven_repo\com\fasterxml\jackson\core\jackson-databind\2.15.2\jackson-databind-2.15.2.jar;D:\Program Files\Apache Software Foundation\Dmaven_repo\com\fasterxml\jackson\core\jackson-annotations\2.15.2\jackson-annotations-2.15.2.jar;D:\Program Files\Apache Software Foundation\Dmaven_repo\com\fasterxml\jackson\core\jackson-core\2.15.2\jackson-core-2.15.2.jar;D:\Program Files\Apache Software Foundation\Dmaven_repo\com\fasterxml\jackson\datatype\jackson-datatype-jsr310\2.15.2\jackson-datatype-jsr310-2.15.2.jar;D:\Program Files\Apache Software Foundation\Dmaven_repo\org\slf4j\slf4j-api\2.0.7\slf4j-api-2.0.7.jar;D:\Program Files\Apache Software Foundation\Dmaven_repo\org\slf4j\slf4j-simple\2.0.7\slf4j-simple-2.0.7.jar;D:\Program Files\Apache Software Foundation\Dmaven_repo\org\springframework\boot\spring-boot-starter\3.3.2\spring-boot-starter-3.3.2.jar;D:\Program Files\Apache Software Foundation\Dmaven_repo\org\springframework\boot\spring-boot\3.3.2\spring-boot-3.3.2.jar;D:\Program Files\Apache Software Foundation\Dmaven_repo\org\springframework\spring-context\6.1.11\spring-context-6.1.11.jar;D:\Program Files\Apache Software Foundation\Dmaven_repo\org\springframework\spring-aop\6.1.11\spring-aop-6.1.11.jar;D:\Program Files\Apache Software Foundation\Dmaven_repo\org\springframework\spring-beans\6.1.11\spring-beans-6.1.11.jar;D:\Program Files\Apache Software Foundation\Dmaven_repo\org\springframework\spring-expression\6.1.11\spring-expression-6.1.11.jar;D:\Program Files\Apache Software Foundation\Dmaven_repo\io\micrometer\micrometer-observation\1.12.8\micrometer-observation-1.12.8.jar;D:\Program Files\Apache Software Foundation\Dmaven_repo\io\micrometer\micrometer-commons\1.12.8\micrometer-commons-1.12.8.jar;D:\Program Files\Apache Software Foundation\Dmaven_repo\org\springframework\boot\spring-boot-autoconfigure\3.3.2\spring-boot-autoconfigure-3.3.2.jar;D:\Program Files\Apache Software Foundation\Dmaven_repo\org\springframework\boot\spring-boot-starter-logging\3.3.2\spring-boot-starter-logging-3.3.2.jar;D:\Program Files\Apache Software Foundation\Dmaven_repo\ch\qos\logback\logback-classic\1.5.6\logback-classic-1.5.6.jar;D:\Program Files\Apache Software Foundation\Dmaven_repo\ch\qos\logback\logback-core\1.5.6\logback-core-1.5.6.jar;D:\Program Files\Apache Software Foundation\Dmaven_repo\org\apache\logging\log4j\log4j-to-slf4j\2.23.1\log4j-to-slf4j-2.23.1.jar;D:\Program Files\Apache Software Foundation\Dmaven_repo\org\slf4j\jul-to-slf4j\2.0.13\jul-to-slf4j-2.0.13.jar;D:\Program Files\Apache Software Foundation\Dmaven_repo\jakarta\annotation\jakarta.annotation-api\2.1.1\jakarta.annotation-api-2.1.1.jar;D:\Program Files\Apache Software Foundation\Dmaven_repo\org\springframework\spring-core\6.1.11\spring-core-6.1.11.jar;D:\Program Files\Apache Software Foundation\Dmaven_repo\org\springframework\spring-jcl\6.1.11\spring-jcl-6.1.11.jar;D:\Program Files\Apache Software Foundation\Dmaven_repo\org\yaml\snakeyaml\2.2\snakeyaml-2.2.jar;D:\Program Files\Apache Software Foundation\Dmaven_repo\com\mysql\mysql-connector-j\8.4.0\mysql-connector-j-8.4.0.jar;D:\Program Files\Apache Software Foundation\Dmaven_repo\com\google\protobuf\protobuf-java\3.25.1\protobuf-java-3.25.1.jar;"/>
    <property name="allure.results.directory" value="D:\Doc_HP_RRL\RRL\Sence\Iseg Spa\Análisis Predictivo\automatizacion-pruebas\target/allure-results"/>
    <property name="sun.cpu.endian" value="little"/>
    <property name="user.home" value="C:\Users\uman_"/>
    <property name="user.language" value="es"/>
    <property name="java.specification.vendor" value="Oracle Corporation"/>
    <property name="java.version.date" value="2025-07-15"/>
    <property name="java.home" value="C:\Program Files\Java\jdk-21"/>
    <property name="file.separator" value="\"/>
    <property name="basedir" value="D:\Doc_HP_RRL\RRL\Sence\Iseg Spa\Análisis Predictivo\automatizacion-pruebas"/>
    <property name="java.vm.compressedOopsMode" value="Zero based"/>
    <property name="line.separator" value="&#10;"/>
    <property name="java.vm.specification.vendor" value="Oracle Corporation"/>
    <property name="java.specification.name" value="Java Platform API Specification"/>
    <property name="surefire.real.class.path" value="C:\Users\uman_\AppData\Local\Temp\surefire9202773328957532246\surefirebooter-20250728160829782_3.jar"/>
    <property name="user.script" value=""/>
    <property name="sun.management.compiler" value="HotSpot 64-Bit Tiered Compilers"/>
    <property name="java.runtime.version" value="21.0.8+12-LTS-250"/>
    <property name="user.name" value="uman_"/>
    <property name="stdout.encoding" value="Cp1252"/>
    <property name="path.separator" value=";"/>
    <property name="os.version" value="10.0"/>
    <property name="java.runtime.name" value="Java(TM) SE Runtime Environment"/>
    <property name="file.encoding" value="UTF-8"/>
    <property name="java.vm.name" value="Java HotSpot(TM) 64-Bit Server VM"/>
    <property name="localRepository" value="D:\Program Files\Apache Software Foundation\Dmaven_repo"/>
    <property name="java.vendor.url.bug" value="https://bugreport.java.com/bugreport/"/>
    <property name="java.io.tmpdir" value="C:\Users\uman_\AppData\Local\Temp\"/>
    <property name="java.version" value="21.0.8"/>
    <property name="user.dir" value="D:\Doc_HP_RRL\RRL\Sence\Iseg Spa\Análisis Predictivo\automatizacion-pruebas"/>
    <property name="os.arch" value="amd64"/>
    <property name="java.vm.specification.name" value="Java Virtual Machine Specification"/>
    <property name="sun.os.patch.level" value=""/>
    <property name="native.encoding" value="Cp1252"/>
    <property name="java.library.path" value="C:\Program Files\Java\jdk-21\bin;C:\WINDOWS\Sun\Java\bin;C:\WINDOWS\system32;C:\WINDOWS;C:\Python313\Scripts\;C:\Python313\;%JAVA_HOME%\bin;D:\Program Files (x86)\VMware\VMware Workstation\bin\;C:\Program Files (x86)\Microsoft SDKs\Azure\CLI2\wbin;C:\Program Files\Common Files\Oracle\Java\javapath;C:\WINDOWS\system32;C:\WINDOWS;C:\WINDOWS\System32\Wbem;C:\WINDOWS\System32\WindowsPowerShell\v1.0\;C:\WINDOWS\System32\OpenSSH\;C:\Program Files\dotnet\;D:\Program Files\MySQL\MySQL Utilities 1.6\;C:\apache-ant-1.10.13\bootstrap\bin;D:\Program Files\Microsoft SQL Server\Client SDK\ODBC\170\Tools\Binn\;C:\Program Files\Azure Data Studio\bin;C:\Program Files\HP\HP One Agent;C:\WINDOWS\system32;C:\WINDOWS;C:\WINDOWS\System32\Wbem;C:\WINDOWS\System32\WindowsPowerShell\v1.0\;C:\WINDOWS\System32\OpenSSH\;D:\Program Files\Apache Software Foundation\apache-maven-3.9.10\bin;D:\Program Files\sonarqube-2025.3.1.109879\bin;%JMETER_HOME%\bin;D:\Program Files\Microsoft SQL Server\150\Tools\Binn\;D:\Terraform;C:\Program Files\Git LFS;D:\Program Files\Apache Software Foundation\allure-2.34.1\bin;D:\Program Files\nodejs\;C:\ProgramData\chocolatey\bin;D:\Program Files\PowerShell\7\;C:\Program Files\Docker\Docker\resources\bin;C:\Program Files\Git\cmd;D:\Program Files\PuTTY\;C:\Users\uman_\AppData\Local\Programs\Python\Python311\Scripts\;C:\Users\uman_\AppData\Local\Programs\Python\Python311\;C:\Program Files\MySQL\MySQL Shell 8.0\bin\;C:\Users\uman_\AppData\Local\Microsoft\WindowsApps;C:\Users\uman_\AppData\Local\GitHubDesktop\bin;C:\Program Files\JetBrains\WebStorm 2023.1.2\bin;C:\Program Files\JetBrains\PyCharm 2023.1.2\bin;C:\Users\uman_\AppData\Local\JetBrains\Toolbox\scripts;C:\Users\uman_\AppData\Local\Microsoft\WindowsApps;C:\Users\uman_\.dotnet\tools;d:\Program Files\JetBrains\JetBrains Gateway 2023.2.1\bin;C:\Program Files\JetBrains\IntelliJ IDEA 2024.1.4\bin;D:\Program Files (x86)\BrowserStackLocal\;C:\Users\uman_\AppData\Local\Programs\Ollama;d:\Users\uman_\AppData\Local\Programs\Microsoft VS Code\bin;C:\Users\uman_\AppData\Roaming\npm;C:\Program Files (x86)\Nmap;."/>
    <property name="java.vm.info" value="mixed mode, sharing"/>
    <property name="stderr.encoding" value="Cp1252"/>
    <property name="java.vendor" value="Oracle Corporation"/>
    <property name="java.vm.version" value="21.0.8+12-LTS-250"/>
    <property name="sun.io.unicode.encoding" value="UnicodeLittle"/>
    <property name="java.class.version" value="65.0"/>
  </properties>
</testsuite>